<?xml version="1.0" encoding="UTF-8"?>
<testng-results ignored="0" total="1" passed="1" failed="0" skipped="0">
  <reporter-output>
  </reporter-output>
  <suite started-at="2025-07-30T16:24:14 IST" name="Default suite" finished-at="2025-07-30T16:24:23 IST" duration-ms="8333">
    <groups>
    </groups>
    <test started-at="2025-07-30T16:24:14 IST" name="Default test" finished-at="2025-07-30T16:24:23 IST" duration-ms="8333">
      <class name="tests.SampleTest">
        <test-method is-config="true" signature="setUp()[pri:0, instance:tests.SampleTest@4a94ee4]" started-at="2025-07-30T16:24:14 IST" name="setUp" finished-at="2025-07-30T16:24:19 IST" duration-ms="5096" status="PASS">
          <reporter-output>
          </reporter-output>
        </test-method> <!-- setUp -->
        <test-method signature="loginTest()[pri:0, instance:tests.SampleTest@4a94ee4]" started-at="2025-07-30T16:24:19 IST" name="loginTest" finished-at="2025-07-30T16:24:23 IST" duration-ms="3133" status="PASS">
          <reporter-output>
          </reporter-output>
        </test-method> <!-- loginTest -->
      </class> <!-- tests.SampleTest -->
    </test> <!-- Default test -->
  </suite> <!-- Default suite -->
</testng-results>
