<?xml version="1.0" encoding="UTF-8"?>
<testng-results ignored="0" total="1" passed="1" failed="0" skipped="0">
  <reporter-output>
  </reporter-output>
  <suite started-at="2025-08-06T17:35:14 IST" name="Default suite" finished-at="2025-08-06T17:35:22 IST" duration-ms="7744">
    <groups>
    </groups>
    <test started-at="2025-08-06T17:35:14 IST" name="Default test" finished-at="2025-08-06T17:35:22 IST" duration-ms="7744">
      <class name="tests.ComponentTest">
        <test-method is-config="true" signature="setUp()[pri:0, instance:tests.ComponentTest@7ce026d3]" started-at="2025-08-06T17:35:14 IST" name="setUp" finished-at="2025-08-06T17:35:21 IST" duration-ms="6429" status="PASS">
          <reporter-output>
          </reporter-output>
        </test-method> <!-- setUp -->
        <test-method signature="verifyComponents()[pri:0, instance:tests.ComponentTest@7ce026d3]" started-at="2025-08-06T17:35:21 IST" name="verifyComponents" finished-at="2025-08-06T17:35:22 IST" duration-ms="1006" status="PASS">
          <reporter-output>
          </reporter-output>
        </test-method> <!-- verifyComponents -->
      </class> <!-- tests.ComponentTest -->
    </test> <!-- Default test -->
  </suite> <!-- Default suite -->
</testng-results>
