<?xml version="1.0" encoding="UTF-8"?>
<testng-results ignored="0" total="1" passed="1" failed="0" skipped="0">
  <reporter-output>
  </reporter-output>
  <suite started-at="2025-08-16T23:23:26 IST" name="Default suite" finished-at="2025-08-16T23:23:32 IST" duration-ms="6004">
    <groups>
    </groups>
    <test started-at="2025-08-16T23:23:26 IST" name="Default test" finished-at="2025-08-16T23:23:32 IST" duration-ms="6004">
      <class name="tests.LoginTest">
        <test-method is-config="true" signature="setUp()[pri:0, instance:tests.LoginTest@4b23c30a]" started-at="2025-08-16T23:23:26 IST" name="setUp" finished-at="2025-08-16T23:23:29 IST" duration-ms="3156" status="PASS">
          <reporter-output>
          </reporter-output>
        </test-method> <!-- setUp -->
        <test-method signature="LoginTestP()[pri:0, instance:tests.LoginTest@4b23c30a]" started-at="2025-08-16T23:23:29 IST" name="LoginTestP" finished-at="2025-08-16T23:23:32 IST" duration-ms="2641" status="PASS">
          <reporter-output>
          </reporter-output>
        </test-method> <!-- LoginTestP -->
        <test-method is-config="true" signature="tearDown()[pri:0, instance:tests.LoginTest@4b23c30a]" started-at="2025-08-16T23:23:32 IST" name="tearDown" finished-at="2025-08-16T23:23:32 IST" duration-ms="2" status="PASS">
          <reporter-output>
          </reporter-output>
        </test-method> <!-- tearDown -->
      </class> <!-- tests.LoginTest -->
    </test> <!-- Default test -->
  </suite> <!-- Default suite -->
</testng-results>
